<?xml version="1.0" encoding="UTF-8"?>
<testsuite name="com.synectiks.security.junit.controllers.PermissionControllerTest" time="20.278" tests="5" errors="0" skipped="0" failures="0">
  <properties>
[...]
</properties>
  <testcase name="test001" classname="com.synectiks.security.junit.controllers.PermissionControllerTest" time="18.254"/>
  <testcase name="test002" classname="com.synectiks.security.junit.controllers.PermissionControllerTest" time="1.504"/>
  <testcase name="test003" classname="com.synectiks.security.junit.controllers.PermissionControllerTest" time="0.259"/>
  <testcase name="test004" classname="com.synectiks.security.junit.controllers.PermissionControllerTest" time="0.197"/>
  <testcase name="test005" classname="com.synectiks.security.junit.controllers.PermissionControllerTest" time="0.064"/>
</testsuite>