<?xml version="1.0" encoding="UTF-8"?><testsuite errors="0" failures="0" name="com.synectiks.security.junit.controllers.RoleControllerTest" skipped="0" tests="5" time="1.97" timestamp="2022-09-27 01:31:39"><testcase classname="com.synectiks.security.junit.controllers.RoleControllerTest" name="This test will create new role"/><testcase classname="com.synectiks.security.junit.controllers.RoleControllerTest" name="This is test case will check /roles/listAll api of security service"/><testcase classname="com.synectiks.security.junit.controllers.RoleControllerTest" name="This test will upadate the role"/><testcase classname="com.synectiks.security.junit.controllers.RoleControllerTest" name="This test will find role by id"/><testcase classname="com.synectiks.security.junit.controllers.RoleControllerTest" name="This test will delete permission by id"/></testsuite>