<?xml version="1.0" encoding="UTF-8"?><testsuite errors="0" failures="0" name="com.synectiks.security.junit.controllers.PermissionControllerTest" skipped="0" tests="5" time="20.06" timestamp="2022-09-27 01:31:14"><testcase classname="com.synectiks.security.junit.controllers.PermissionControllerTest" name="This test will create new permission"/><testcase classname="com.synectiks.security.junit.controllers.PermissionControllerTest" name="This is test case will check /permissions/listAll api of security service"/><testcase classname="com.synectiks.security.junit.controllers.PermissionControllerTest" name="This test will upadate the permission"/><testcase classname="com.synectiks.security.junit.controllers.PermissionControllerTest" name="This test will find permission by id"/><testcase classname="com.synectiks.security.junit.controllers.PermissionControllerTest" name="This test will delete permission by id"/></testsuite>